{"/Users/lujunsheng/myOwnX/middleware/src/middlewares.ts": {"path":"/Users/lujunsheng/myOwnX/middleware/src/middlewares.ts","statementMap":{"0":{"start":{"line":8,"column":2},"end":{"line":8,"column":38}},"1":{"start":{"line":10,"column":2},"end":{"line":10,"column":24}},"2":{"start":{"line":12,"column":2},"end":{"line":14,"column":4}},"3":{"start":{"line":13,"column":4},"end":{"line":13,"column":37}},"4":{"start":{"line":16,"column":2},"end":{"line":40,"column":4}},"5":{"start":{"line":16,"column":31},"end":{"line":40,"column":4}},"6":{"start":{"line":17,"column":28},"end":{"line":17,"column":32}},"7":{"start":{"line":18,"column":17},"end":{"line":33,"column":6}},"8":{"start":{"line":18,"column":28},"end":{"line":33,"column":6}},"9":{"start":{"line":19,"column":25},"end":{"line":19,"column":64}},"10":{"start":{"line":20,"column":6},"end":{"line":20,"column":34}},"11":{"start":{"line":21,"column":6},"end":{"line":32,"column":null}},"12":{"start":{"line":22,"column":8},"end":{"line":31,"column":null}},"13":{"start":{"line":23,"column":20},"end":{"line":23,"column":45}},"14":{"start":{"line":24,"column":10},"end":{"line":26,"column":null}},"15":{"start":{"line":25,"column":12},"end":{"line":25,"column":20}},"16":{"start":{"line":29,"column":10},"end":{"line":29,"column":23}},"17":{"start":{"line":30,"column":10},"end":{"line":30,"column":27}},"18":{"start":{"line":34,"column":4},"end":{"line":34,"column":17}},"19":{"start":{"line":36,"column":4},"end":{"line":38,"column":null}},"20":{"start":{"line":37,"column":6},"end":{"line":37,"column":16}},"21":{"start":{"line":39,"column":4},"end":{"line":39,"column":19}},"22":{"start":{"line":7,"column":0},"end":{"line":7,"column":13}}},"fnMap":{"0":{"name":"(anonymous_0)","decl":{"start":{"line":7,"column":0},"end":{"line":7,"column":13}},"loc":{"start":{"line":7,"column":0},"end":{"line":41,"column":1}}},"1":{"name":"(anonymous_1)","decl":{"start":{"line":12,"column":8},"end":{"line":12,"column":9}},"loc":{"start":{"line":12,"column":41},"end":{"line":14,"column":3}}},"2":{"name":"(anonymous_2)","decl":{"start":{"line":16,"column":8},"end":{"line":16,"column":15}},"loc":{"start":{"line":16,"column":31},"end":{"line":40,"column":4}}},"3":{"name":"(anonymous_3)","decl":{"start":{"line":16,"column":31},"end":{"line":16,"column":null}},"loc":{"start":{"line":16,"column":31},"end":{"line":40,"column":3}}},"4":{"name":"(anonymous_4)","decl":{"start":{"line":18,"column":17},"end":{"line":18,"column":26}},"loc":{"start":{"line":18,"column":28},"end":{"line":33,"column":6}}},"5":{"name":"(anonymous_5)","decl":{"start":{"line":18,"column":28},"end":{"line":18,"column":null}},"loc":{"start":{"line":18,"column":28},"end":{"line":33,"column":5}}}},"branchMap":{"0":{"loc":{"start":{"line":21,"column":6},"end":{"line":32,"column":null}},"type":"if","locations":[{"start":{"line":21,"column":6},"end":{"line":32,"column":null}}]},"1":{"loc":{"start":{"line":24,"column":10},"end":{"line":26,"column":null}},"type":"if","locations":[{"start":{"line":24,"column":10},"end":{"line":26,"column":null}}]},"2":{"loc":{"start":{"line":36,"column":4},"end":{"line":38,"column":null}},"type":"if","locations":[{"start":{"line":36,"column":4},"end":{"line":38,"column":null}}]}},"s":{"0":13,"1":13,"2":13,"3":22,"4":13,"5":12,"6":12,"7":12,"8":32,"9":32,"10":32,"11":32,"12":20,"13":20,"14":16,"15":10,"16":5,"17":5,"18":12,"19":12,"20":4,"21":8,"22":1},"f":{"0":13,"1":22,"2":12,"3":12,"4":32,"5":32},"b":{"0":[20],"1":[10],"2":[4]}}
}
