TN:
SF:src/middlewares.ts
FN:7,(anonymous_0)
FN:12,(anonymous_1)
FN:16,(anonymous_2)
FN:16,(anonymous_3)
FN:18,(anonymous_4)
FN:18,(anonymous_5)
FNF:6
FNH:6
FNDA:13,(anonymous_0)
FNDA:22,(anonymous_1)
FNDA:12,(anonymous_2)
FNDA:12,(anonymous_3)
FNDA:32,(anonymous_4)
FNDA:32,(anonymous_5)
DA:7,1
DA:8,13
DA:10,13
DA:12,13
DA:13,22
DA:16,13
DA:17,12
DA:18,32
DA:19,32
DA:20,32
DA:21,32
DA:22,20
DA:23,20
DA:24,16
DA:25,10
DA:29,5
DA:30,5
DA:34,12
DA:36,12
DA:37,4
DA:39,8
LF:21
LH:21
BRDA:21,0,0,20
BRDA:24,1,0,10
BRDA:36,2,0,4
BRF:3
BRH:3
end_of_record
